[ 2020-05-31T20:47:22+08:00 ] 14.204.130.33 /index.php?g=Appapi&m=Message&a=msginfo&id=17
INFO: [ app_init ] --START--
INFO: Run Behavior\BuildLiteBehavior [ RunTime:0.000012s ]
INFO: Run Common\Behavior\InitHookBehavior [ RunTime:0.001085s ]
INFO: [ app_init ] --END-- [ RunTime:0.001401s ]
INFO: [ app_begin ] --START--
INFO: Run Behavior\ReadHtmlCacheBehavior [ RunTime:0.000431s ]
INFO: Run Behavior\CheckLangBehavior [ RunTime:0.000409s ]
INFO: [ app_begin ] --END-- [ RunTime:0.000882s ]
SQL: SHOW COLUMNS FROM `cmf_config` [ RunTime:0.0023s ]
SQL: SELECT * FROM `cmf_config` WHERE ( id='1' ) LIMIT 1   [ RunTime:0.0007s ]
NOTIC: [8192] Function Redis::setTimeout() is deprecated /www/wwwroot/lzmtfht.ne.pw/application/Common/Common/function.php 第 1822 行.
SQL: SELECT * FROM `cmf_config` WHERE ( id='1' ) LIMIT 1   [ RunTime:0.0004s ]
SQL: SHOW COLUMNS FROM `cmf_config_private` [ RunTime:0.0030s ]
SQL: SELECT * FROM `cmf_config_private` WHERE ( id='1' ) LIMIT 1   [ RunTime:0.0008s ]
SQL: SHOW COLUMNS FROM `cmf_admin_push` [ RunTime:0.0008s ]
SQL: SELECT * FROM `cmf_admin_push` WHERE ( id=17 ) LIMIT 1   [ RunTime:0.0003s ]
INFO: [ view_parse ] --START--
INFO: [ template_filter ] --START--
INFO: Run Behavior\ContentReplaceBehavior [ RunTime:0.000043s ]
INFO: [ template_filter ] --END-- [ RunTime:0.000070s ]
INFO: Run Behavior\ParseTemplateBehavior [ RunTime:0.004994s ]
INFO: [ view_parse ] --END-- [ RunTime:0.005019s ]
INFO: [ view_filter ] --START--
INFO: Run Behavior\WriteHtmlCacheBehavior [ RunTime:0.000177s ]
INFO: Run Common\Behavior\TmplStripSpaceBehavior [ RunTime:0.000149s ]
INFO: [ view_filter ] --END-- [ RunTime:0.000357s ]
INFO: [ app_end ] --START--
INFO: Run Behavior\ShowPageTraceBehavior [ RunTime:0.000393s ]
INFO: [ app_end ] --END-- [ RunTime:0.000413s ]

[ 2020-05-31T20:48:26+08:00 ] 14.204.130.33 /index.php?g=Appapi&m=Message&a=msginfo&id=17
INFO: [ app_init ] --START--
INFO: Run Behavior\BuildLiteBehavior [ RunTime:0.000017s ]
INFO: Run Common\Behavior\InitHookBehavior [ RunTime:0.001133s ]
INFO: [ app_init ] --END-- [ RunTime:0.001458s ]
INFO: [ app_begin ] --START--
INFO: Run Behavior\ReadHtmlCacheBehavior [ RunTime:0.000349s ]
INFO: Run Behavior\CheckLangBehavior [ RunTime:0.000406s ]
INFO: [ app_begin ] --END-- [ RunTime:0.000802s ]
SQL: SHOW COLUMNS FROM `cmf_config` [ RunTime:0.0023s ]
SQL: SELECT * FROM `cmf_config` WHERE ( id='1' ) LIMIT 1   [ RunTime:0.0006s ]
NOTIC: [8192] Function Redis::setTimeout() is deprecated /www/wwwroot/lzmtfht.ne.pw/application/Common/Common/function.php 第 1822 行.
SQL: SELECT * FROM `cmf_config` WHERE ( id='1' ) LIMIT 1   [ RunTime:0.0005s ]
SQL: SHOW COLUMNS FROM `cmf_config_private` [ RunTime:0.0026s ]
SQL: SELECT * FROM `cmf_config_private` WHERE ( id='1' ) LIMIT 1   [ RunTime:0.0008s ]
SQL: SHOW COLUMNS FROM `cmf_admin_push` [ RunTime:0.0007s ]
SQL: SELECT * FROM `cmf_admin_push` WHERE ( id=17 ) LIMIT 1   [ RunTime:0.0003s ]
INFO: [ view_parse ] --START--
INFO: [ template_filter ] --START--
INFO: Run Behavior\ContentReplaceBehavior [ RunTime:0.000022s ]
INFO: [ template_filter ] --END-- [ RunTime:0.000046s ]
INFO: Run Behavior\ParseTemplateBehavior [ RunTime:0.005369s ]
INFO: [ view_parse ] --END-- [ RunTime:0.005398s ]
INFO: [ view_filter ] --START--
INFO: Run Behavior\WriteHtmlCacheBehavior [ RunTime:0.000124s ]
INFO: Run Common\Behavior\TmplStripSpaceBehavior [ RunTime:0.000128s ]
INFO: [ view_filter ] --END-- [ RunTime:0.000292s ]
INFO: [ app_end ] --START--
INFO: Run Behavior\ShowPageTraceBehavior [ RunTime:0.000401s ]
INFO: [ app_end ] --END-- [ RunTime:0.000425s ]

