2020-05-01 01:38:02|ERROR|User.iftoken|RedisException: Connection refused in /www/wwwroot/lzmtfht.ne.pw/api/Appapi/Api/Common.php:13
Stack trace:
#0 /www/wwwroot/lzmtfht.ne.pw/api/Appapi/Api/Common.php(13): Redis->pconnect('127.0.0.1', '6379')
#1 /www/wwwroot/lzmtfht.ne.pw/api/Appapi/Api/Common.php(5): Api_Common->connectionRedis()
#2 /www/wwwroot/lzmtfht.ne.pw/api/PhalApi/PhalApi/ApiFactory.php(57): Api_Common->__construct()
#3 /www/wwwroot/lzmtfht.ne.pw/api/PhalApi/PhalApi.php(55): PhalApi_ApiFactory::generateService()
#4 /www/wwwroot/lzmtfht.ne.pw/api/public/index.php(14): PhalApi->response()
#5 {main}
2020-05-01 01:38:21|ERROR|User.iftoken|RedisException: Connection refused in /www/wwwroot/lzmtfht.ne.pw/api/Appapi/Api/Common.php:13
Stack trace:
#0 /www/wwwroot/lzmtfht.ne.pw/api/Appapi/Api/Common.php(13): Redis->pconnect('127.0.0.1', '6379')
#1 /www/wwwroot/lzmtfht.ne.pw/api/Appapi/Api/Common.php(5): Api_Common->connectionRedis()
#2 /www/wwwroot/lzmtfht.ne.pw/api/PhalApi/PhalApi/ApiFactory.php(57): Api_Common->__construct()
#3 /www/wwwroot/lzmtfht.ne.pw/api/PhalApi/PhalApi.php(55): PhalApi_ApiFactory::generateService()
#4 /www/wwwroot/lzmtfht.ne.pw/api/public/index.php(14): PhalApi->response()
#5 {main}
2020-05-01 01:38:28|ERROR|User.iftoken|RedisException: Connection refused in /www/wwwroot/lzmtfht.ne.pw/api/Appapi/Api/Common.php:13
Stack trace:
#0 /www/wwwroot/lzmtfht.ne.pw/api/Appapi/Api/Common.php(13): Redis->pconnect('127.0.0.1', '6379')
#1 /www/wwwroot/lzmtfht.ne.pw/api/Appapi/Api/Common.php(5): Api_Common->connectionRedis()
#2 /www/wwwroot/lzmtfht.ne.pw/api/PhalApi/PhalApi/ApiFactory.php(57): Api_Common->__construct()
#3 /www/wwwroot/lzmtfht.ne.pw/api/PhalApi/PhalApi.php(55): PhalApi_ApiFactory::generateService()
#4 /www/wwwroot/lzmtfht.ne.pw/api/public/index.php(14): PhalApi->response()
#5 {main}
2020-05-01 02:12:47|ERROR|User.iftoken|RedisException: Connection refused in /www/wwwroot/lzmtfht.ne.pw/api/Appapi/Api/Common.php:13
Stack trace:
#0 /www/wwwroot/lzmtfht.ne.pw/api/Appapi/Api/Common.php(13): Redis->pconnect('127.0.0.1', '6379')
#1 /www/wwwroot/lzmtfht.ne.pw/api/Appapi/Api/Common.php(5): Api_Common->connectionRedis()
#2 /www/wwwroot/lzmtfht.ne.pw/api/PhalApi/PhalApi/ApiFactory.php(57): Api_Common->__construct()
#3 /www/wwwroot/lzmtfht.ne.pw/api/PhalApi/PhalApi.php(55): PhalApi_ApiFactory::generateService()
#4 /www/wwwroot/lzmtfht.ne.pw/api/public/index.php(14): PhalApi->response()
#5 {main}
2020-05-01 02:12:59|ERROR|User.iftoken|RedisException: Connection refused in /www/wwwroot/lzmtfht.ne.pw/api/Appapi/Api/Common.php:13
Stack trace:
#0 /www/wwwroot/lzmtfht.ne.pw/api/Appapi/Api/Common.php(13): Redis->pconnect('127.0.0.1', '6379')
#1 /www/wwwroot/lzmtfht.ne.pw/api/Appapi/Api/Common.php(5): Api_Common->connectionRedis()
#2 /www/wwwroot/lzmtfht.ne.pw/api/PhalApi/PhalApi/ApiFactory.php(57): Api_Common->__construct()
#3 /www/wwwroot/lzmtfht.ne.pw/api/PhalApi/PhalApi.php(55): PhalApi_ApiFactory::generateService()
#4 /www/wwwroot/lzmtfht.ne.pw/api/public/index.php(14): PhalApi->response()
#5 {main}
2020-05-01 02:13:41|ERROR|User.iftoken|RedisException: Connection refused in /www/wwwroot/lzmtfht.ne.pw/api/Appapi/Api/Common.php:13
Stack trace:
#0 /www/wwwroot/lzmtfht.ne.pw/api/Appapi/Api/Common.php(13): Redis->pconnect('127.0.0.1', '6379')
#1 /www/wwwroot/lzmtfht.ne.pw/api/Appapi/Api/Common.php(5): Api_Common->connectionRedis()
#2 /www/wwwroot/lzmtfht.ne.pw/api/PhalApi/PhalApi/ApiFactory.php(57): Api_Common->__construct()
#3 /www/wwwroot/lzmtfht.ne.pw/api/PhalApi/PhalApi.php(55): PhalApi_ApiFactory::generateService()
#4 /www/wwwroot/lzmtfht.ne.pw/api/public/index.php(14): PhalApi->response()
#5 {main}
2020-05-01 02:14:46|ERROR|User.iftoken|RedisException: Connection refused in /www/wwwroot/lzmtfht.ne.pw/api/Appapi/Api/Common.php:13
Stack trace:
#0 /www/wwwroot/lzmtfht.ne.pw/api/Appapi/Api/Common.php(13): Redis->pconnect('127.0.0.1', '6379')
#1 /www/wwwroot/lzmtfht.ne.pw/api/Appapi/Api/Common.php(5): Api_Common->connectionRedis()
#2 /www/wwwroot/lzmtfht.ne.pw/api/PhalApi/PhalApi/ApiFactory.php(57): Api_Common->__construct()
#3 /www/wwwroot/lzmtfht.ne.pw/api/PhalApi/PhalApi.php(55): PhalApi_ApiFactory::generateService()
#4 /www/wwwroot/lzmtfht.ne.pw/api/public/index.php(14): PhalApi->response()
#5 {main}
2020-05-01 02:17:23|ERROR|User.iftoken|RedisException: Connection refused in /www/wwwroot/lzmtfht.ne.pw/api/Appapi/Api/Common.php:13
Stack trace:
#0 /www/wwwroot/lzmtfht.ne.pw/api/Appapi/Api/Common.php(13): Redis->pconnect('127.0.0.1', '6379')
#1 /www/wwwroot/lzmtfht.ne.pw/api/Appapi/Api/Common.php(5): Api_Common->connectionRedis()
#2 /www/wwwroot/lzmtfht.ne.pw/api/PhalApi/PhalApi/ApiFactory.php(57): Api_Common->__construct()
#3 /www/wwwroot/lzmtfht.ne.pw/api/PhalApi/PhalApi.php(55): PhalApi_ApiFactory::generateService()
#4 /www/wwwroot/lzmtfht.ne.pw/api/public/index.php(14): PhalApi->response()
#5 {main}
2020-05-01 02:28:08|ERROR|User.iftoken|RedisException: Connection refused in /www/wwwroot/lzmtfht.ne.pw/api/Appapi/Api/Common.php:13
Stack trace:
#0 /www/wwwroot/lzmtfht.ne.pw/api/Appapi/Api/Common.php(13): Redis->pconnect('127.0.0.1', '6379')
#1 /www/wwwroot/lzmtfht.ne.pw/api/Appapi/Api/Common.php(5): Api_Common->connectionRedis()
#2 /www/wwwroot/lzmtfht.ne.pw/api/PhalApi/PhalApi/ApiFactory.php(57): Api_Common->__construct()
#3 /www/wwwroot/lzmtfht.ne.pw/api/PhalApi/PhalApi.php(55): PhalApi_ApiFactory::generateService()
#4 /www/wwwroot/lzmtfht.ne.pw/api/public/index.php(14): PhalApi->response()
#5 {main}
2020-05-01 02:40:29|ERROR|User.iftoken|RedisException: Connection refused in /www/wwwroot/lzmtfht.ne.pw/api/Appapi/Api/Common.php:13
Stack trace:
#0 /www/wwwroot/lzmtfht.ne.pw/api/Appapi/Api/Common.php(13): Redis->pconnect('127.0.0.1', '6379')
#1 /www/wwwroot/lzmtfht.ne.pw/api/Appapi/Api/Common.php(5): Api_Common->connectionRedis()
#2 /www/wwwroot/lzmtfht.ne.pw/api/PhalApi/PhalApi/ApiFactory.php(57): Api_Common->__construct()
#3 /www/wwwroot/lzmtfht.ne.pw/api/PhalApi/PhalApi.php(55): PhalApi_ApiFactory::generateService()
#4 /www/wwwroot/lzmtfht.ne.pw/api/public/index.php(14): PhalApi->response()
#5 {main}
2020-05-01 03:13:16|ERROR|User.iftoken|RedisException: Connection refused in /www/wwwroot/lzmtfht.ne.pw/api/Appapi/Api/Common.php:13
Stack trace:
#0 /www/wwwroot/lzmtfht.ne.pw/api/Appapi/Api/Common.php(13): Redis->pconnect('127.0.0.1', '6379')
#1 /www/wwwroot/lzmtfht.ne.pw/api/Appapi/Api/Common.php(5): Api_Common->connectionRedis()
#2 /www/wwwroot/lzmtfht.ne.pw/api/PhalApi/PhalApi/ApiFactory.php(57): Api_Common->__construct()
#3 /www/wwwroot/lzmtfht.ne.pw/api/PhalApi/PhalApi.php(55): PhalApi_ApiFactory::generateService()
#4 /www/wwwroot/lzmtfht.ne.pw/api/public/index.php(14): PhalApi->response()
#5 {main}
2020-05-01 03:13:42|ERROR|User.iftoken|RedisException: Connection refused in /www/wwwroot/lzmtfht.ne.pw/api/Appapi/Api/Common.php:13
Stack trace:
#0 /www/wwwroot/lzmtfht.ne.pw/api/Appapi/Api/Common.php(13): Redis->pconnect('127.0.0.1', '6379')
#1 /www/wwwroot/lzmtfht.ne.pw/api/Appapi/Api/Common.php(5): Api_Common->connectionRedis()
#2 /www/wwwroot/lzmtfht.ne.pw/api/PhalApi/PhalApi/ApiFactory.php(57): Api_Common->__construct()
#3 /www/wwwroot/lzmtfht.ne.pw/api/PhalApi/PhalApi.php(55): PhalApi_ApiFactory::generateService()
#4 /www/wwwroot/lzmtfht.ne.pw/api/public/index.php(14): PhalApi->response()
#5 {main}
2020-05-01 03:14:03|ERROR|User.iftoken|RedisException: Connection refused in /www/wwwroot/lzmtfht.ne.pw/api/Appapi/Api/Common.php:13
Stack trace:
#0 /www/wwwroot/lzmtfht.ne.pw/api/Appapi/Api/Common.php(13): Redis->pconnect('127.0.0.1', '6379')
#1 /www/wwwroot/lzmtfht.ne.pw/api/Appapi/Api/Common.php(5): Api_Common->connectionRedis()
#2 /www/wwwroot/lzmtfht.ne.pw/api/PhalApi/PhalApi/ApiFactory.php(57): Api_Common->__construct()
#3 /www/wwwroot/lzmtfht.ne.pw/api/PhalApi/PhalApi.php(55): PhalApi_ApiFactory::generateService()
#4 /www/wwwroot/lzmtfht.ne.pw/api/public/index.php(14): PhalApi->response()
#5 {main}
2020-05-01 03:14:19|ERROR|User.iftoken|RedisException: Connection refused in /www/wwwroot/lzmtfht.ne.pw/api/Appapi/Api/Common.php:13
Stack trace:
#0 /www/wwwroot/lzmtfht.ne.pw/api/Appapi/Api/Common.php(13): Redis->pconnect('127.0.0.1', '6379')
#1 /www/wwwroot/lzmtfht.ne.pw/api/Appapi/Api/Common.php(5): Api_Common->connectionRedis()
#2 /www/wwwroot/lzmtfht.ne.pw/api/PhalApi/PhalApi/ApiFactory.php(57): Api_Common->__construct()
#3 /www/wwwroot/lzmtfht.ne.pw/api/PhalApi/PhalApi.php(55): PhalApi_ApiFactory::generateService()
#4 /www/wwwroot/lzmtfht.ne.pw/api/public/index.php(14): PhalApi->response()
#5 {main}
2020-05-01 03:15:10|ERROR|User.iftoken|RedisException: Connection refused in /www/wwwroot/lzmtfht.ne.pw/api/Appapi/Api/Common.php:13
Stack trace:
#0 /www/wwwroot/lzmtfht.ne.pw/api/Appapi/Api/Common.php(13): Redis->pconnect('127.0.0.1', '6379')
#1 /www/wwwroot/lzmtfht.ne.pw/api/Appapi/Api/Common.php(5): Api_Common->connectionRedis()
#2 /www/wwwroot/lzmtfht.ne.pw/api/PhalApi/PhalApi/ApiFactory.php(57): Api_Common->__construct()
#3 /www/wwwroot/lzmtfht.ne.pw/api/PhalApi/PhalApi.php(55): PhalApi_ApiFactory::generateService()
#4 /www/wwwroot/lzmtfht.ne.pw/api/public/index.php(14): PhalApi->response()
#5 {main}
2020-05-01 03:16:16|ERROR|User.iftoken|RedisException: Connection refused in /www/wwwroot/lzmtfht.ne.pw/api/Appapi/Api/Common.php:13
Stack trace:
#0 /www/wwwroot/lzmtfht.ne.pw/api/Appapi/Api/Common.php(13): Redis->pconnect('127.0.0.1', '6379')
#1 /www/wwwroot/lzmtfht.ne.pw/api/Appapi/Api/Common.php(5): Api_Common->connectionRedis()
#2 /www/wwwroot/lzmtfht.ne.pw/api/PhalApi/PhalApi/ApiFactory.php(57): Api_Common->__construct()
#3 /www/wwwroot/lzmtfht.ne.pw/api/PhalApi/PhalApi.php(55): PhalApi_ApiFactory::generateService()
#4 /www/wwwroot/lzmtfht.ne.pw/api/public/index.php(14): PhalApi->response()
#5 {main}
2020-05-01 03:16:18|ERROR|User.iftoken|RedisException: Connection refused in /www/wwwroot/lzmtfht.ne.pw/api/Appapi/Api/Common.php:13
Stack trace:
#0 /www/wwwroot/lzmtfht.ne.pw/api/Appapi/Api/Common.php(13): Redis->pconnect('127.0.0.1', '6379')
#1 /www/wwwroot/lzmtfht.ne.pw/api/Appapi/Api/Common.php(5): Api_Common->connectionRedis()
#2 /www/wwwroot/lzmtfht.ne.pw/api/PhalApi/PhalApi/ApiFactory.php(57): Api_Common->__construct()
#3 /www/wwwroot/lzmtfht.ne.pw/api/PhalApi/PhalApi.php(55): PhalApi_ApiFactory::generateService()
#4 /www/wwwroot/lzmtfht.ne.pw/api/public/index.php(14): PhalApi->response()
#5 {main}
2020-05-01 03:16:23|ERROR|User.iftoken|RedisException: Connection refused in /www/wwwroot/lzmtfht.ne.pw/api/Appapi/Api/Common.php:13
Stack trace:
#0 /www/wwwroot/lzmtfht.ne.pw/api/Appapi/Api/Common.php(13): Redis->pconnect('127.0.0.1', '6379')
#1 /www/wwwroot/lzmtfht.ne.pw/api/Appapi/Api/Common.php(5): Api_Common->connectionRedis()
#2 /www/wwwroot/lzmtfht.ne.pw/api/PhalApi/PhalApi/ApiFactory.php(57): Api_Common->__construct()
#3 /www/wwwroot/lzmtfht.ne.pw/api/PhalApi/PhalApi.php(55): PhalApi_ApiFactory::generateService()
#4 /www/wwwroot/lzmtfht.ne.pw/api/public/index.php(14): PhalApi->response()
#5 {main}
2020-05-01 12:36:30|DEBUG|cid not found|27
2020-05-01 12:36:33|DEBUG|cid not found|31
2020-05-01 12:38:24|DEBUG|cid not found|31
2020-05-01 12:41:58|DEBUG|cid not found|29
2020-05-01 12:42:53|DEBUG|cid not found|28
2020-05-01 12:44:05|DEBUG|cid not found|27
2020-05-01 12:55:57|DEBUG|cid not found|27
2020-05-01 12:57:21|DEBUG|cid not found|27
2020-05-01 19:22:54|DEBUG|cid not found|28
2020-05-01 19:33:57|DEBUG|cid not found|28
2020-05-01 19:35:08|DEBUG|cid not found|27
2020-05-01 19:45:58|DEBUG|cid not found|28
2020-05-01 16:12:34|DEBUG|cid not found|27
2020-05-01 16:14:08|DEBUG|cid not found|28
2020-05-01 16:16:26|DEBUG|cid not found|27
2020-05-01 16:17:27|DEBUG|cid not found|32
2020-05-01 16:18:50|DEBUG|cid not found|32
2020-05-01 16:19:00|DEBUG|cid not found|27
2020-05-01 16:19:51|DEBUG|cid not found|28
2020-05-01 16:19:53|DEBUG|cid not found|29
2020-05-01 16:21:06|DEBUG|cid not found|30
2020-05-01 16:23:12|DEBUG|cid not found|28
2020-05-01 16:24:22|DEBUG|cid not found|31
2020-05-01 16:25:21|DEBUG|cid not found|27
2020-05-01 16:27:00|DEBUG|cid not found|28
2020-05-01 16:27:03|DEBUG|cid not found|32
2020-05-01 16:28:34|DEBUG|cid not found|28
2020-05-01 16:30:18|DEBUG|cid not found|28
2020-05-01 16:32:03|DEBUG|cid not found|30
2020-05-01 16:33:49|DEBUG|cid not found|34
2020-05-01 16:35:13|DEBUG|cid not found|28
2020-05-01 16:37:10|DEBUG|cid not found|27
2020-05-01 16:38:06|DEBUG|cid not found|27
2020-05-01 16:39:16|DEBUG|cid not found|33
2020-05-01 16:40:00|DEBUG|cid not found|34
2020-05-01 16:41:30|DEBUG|cid not found|28
2020-05-01 16:44:12|DEBUG|cid not found|28
2020-05-01 16:46:22|DEBUG|cid not found|35
2020-05-01 16:46:27|DEBUG|cid not found|30
2020-05-01 16:47:47|DEBUG|cid not found|32
2020-05-01 16:49:06|DEBUG|cid not found|28
2020-05-01 16:49:38|DEBUG|cid not found|28
2020-05-01 16:50:33|DEBUG|cid not found|34
2020-05-01 16:51:58|DEBUG|cid not found|34
2020-05-01 16:52:13|DEBUG|cid not found|34
2020-05-01 16:54:00|DEBUG|cid not found|28
2020-05-01 16:55:16|DEBUG|cid not found|27
2020-05-01 16:56:39|DEBUG|cid not found|28
2020-05-01 16:57:26|DEBUG|cid not found|34
2020-05-01 16:58:15|DEBUG|cid not found|28
2020-05-01 16:58:59|DEBUG|cid not found|28
2020-05-01 16:59:41|DEBUG|cid not found|30
2020-05-01 17:01:42|DEBUG|cid not found|28
2020-05-01 17:01:55|DEBUG|cid not found|27
2020-05-01 17:03:15|DEBUG|cid not found|28
2020-05-01 17:04:00|DEBUG|cid not found|27
2020-05-01 17:05:15|DEBUG|cid not found|27
2020-05-01 17:06:14|DEBUG|cid not found|28
2020-05-01 17:07:38|DEBUG|cid not found|28
2020-05-01 17:08:45|DEBUG|cid not found|31
2020-05-01 17:11:13|DEBUG|cid not found|34
2020-05-01 17:13:05|DEBUG|cid not found|28
2020-05-01 17:13:29|DEBUG|cid not found|28
2020-05-01 17:14:29|DEBUG|cid not found|29
2020-05-01 17:16:04|DEBUG|cid not found|32
2020-05-01 17:17:09|DEBUG|cid not found|29
2020-05-01 17:17:48|DEBUG|cid not found|30
2020-05-01 17:18:36|DEBUG|cid not found|32
2020-05-01 17:19:30|DEBUG|cid not found|28
2020-05-01 17:20:07|DEBUG|cid not found|32
2020-05-01 17:21:46|DEBUG|cid not found|32
2020-05-01 17:22:55|DEBUG|cid not found|27
2020-05-01 17:23:37|DEBUG|cid not found|28
2020-05-01 17:36:41|DEBUG|cid not found|32
2020-05-01 17:38:44|DEBUG|cid not found|32
2020-05-01 17:38:48|DEBUG|cid not found|30
2020-05-01 17:45:05|DEBUG|cid not found|30
2020-05-01 17:47:36|DEBUG|cid not found|28
2020-05-01 17:51:36|DEBUG|cid not found|30
2020-05-01 18:03:06|DEBUG|cid not found|34
